<?xml version="1.0" encoding="UTF-8"?>
<testng-results ignored="0" total="1" passed="1" failed="0" skipped="0">
  <reporter-output>
  </reporter-output>
  <suite started-at="2024-03-12T23:51:58 IST" name="Default suite" finished-at="2024-03-12T23:53:13 IST" duration-ms="74460">
    <groups>
    </groups>
    <test started-at="2024-03-12T23:51:58 IST" name="Default test" finished-at="2024-03-12T23:53:13 IST" duration-ms="74460">
      <class name="testScripts.Goibibo_TestCase_12">
        <test-method is-config="true" signature="precondition()[pri:0, instance:testScripts.Goibibo_TestCase_12@273e7444]" started-at="2024-03-12T23:51:58 IST" name="precondition" finished-at="2024-03-12T23:52:07 IST" duration-ms="9094" status="PASS">
          <reporter-output>
          </reporter-output>
        </test-method> <!-- precondition -->
        <test-method signature="testcase_12()[pri:0, instance:testScripts.Goibibo_TestCase_12@273e7444]" started-at="2024-03-12T23:52:07 IST" name="testcase_12" finished-at="2024-03-12T23:53:09 IST" duration-ms="62120" status="PASS">
          <reporter-output>
          </reporter-output>
        </test-method> <!-- testcase_12 -->
        <test-method is-config="true" signature="quit()[pri:0, instance:testScripts.Goibibo_TestCase_12@273e7444]" started-at="2024-03-12T23:53:10 IST" name="quit" finished-at="2024-03-12T23:53:13 IST" duration-ms="2455" status="PASS">
          <reporter-output>
          </reporter-output>
        </test-method> <!-- quit -->
      </class> <!-- testScripts.Goibibo_TestCase_12 -->
    </test> <!-- Default test -->
  </suite> <!-- Default suite -->
</testng-results>
