<?xml version="1.0" encoding="UTF-8"?>
<testng-results ignored="0" total="1" passed="1" failed="0" skipped="0">
  <reporter-output>
  </reporter-output>
  <suite started-at="2024-03-12T22:35:18 IST" name="Default suite" finished-at="2024-03-12T22:35:33 IST" duration-ms="15032">
    <groups>
    </groups>
    <test started-at="2024-03-12T22:35:18 IST" name="Default test" finished-at="2024-03-12T22:35:33 IST" duration-ms="15032">
      <class name="testScripts.TestCase_01">
        <test-method is-config="true" signature="precondition()[pri:0, instance:testScripts.TestCase_01@273e7444]" started-at="2024-03-12T22:35:18 IST" name="precondition" finished-at="2024-03-12T22:35:27 IST" duration-ms="8840" status="PASS">
          <reporter-output>
          </reporter-output>
        </test-method> <!-- precondition -->
        <test-method signature="Amz_NewUserAccount_Register()[pri:0, instance:testScripts.TestCase_01@273e7444]" started-at="2024-03-12T22:35:27 IST" name="Amz_NewUserAccount_Register" finished-at="2024-03-12T22:35:32 IST" duration-ms="5487" status="PASS">
          <reporter-output>
          </reporter-output>
        </test-method> <!-- Amz_NewUserAccount_Register -->
        <test-method is-config="true" signature="quit()[pri:0, instance:testScripts.TestCase_01@273e7444]" started-at="2024-03-12T22:35:32 IST" name="quit" finished-at="2024-03-12T22:35:33 IST" duration-ms="360" status="PASS">
          <reporter-output>
          </reporter-output>
        </test-method> <!-- quit -->
      </class> <!-- testScripts.TestCase_01 -->
    </test> <!-- Default test -->
  </suite> <!-- Default suite -->
</testng-results>
